<?xml version="1.0" encoding="UTF-8"?>
<!-- Generated by org.testng.reporters.JUnitReportReporter -->
<testsuite hostname="EMB-BAN-880" failures="0" tests="1" name="Testcases.SelecProductTheFromCategory" time="10.401" errors="0" timestamp="2022-05-03T15:55:41 IST" skipped="0">
  <testcase classname="Testcases.SelecProductTheFromCategory" name="Move_To_Home_Page" time="10.401"/>
  <system-out/>
</testsuite> <!-- Testcases.SelecProductTheFromCategory -->
