<?xml version="1.0" encoding="UTF-8"?>
<!-- Generated by org.testng.reporters.JUnitReportReporter -->
<testsuite hostname="EMB-BAN-880" failures="0" tests="1" name="Testcases.Registration" time="0.002" errors="0" timestamp="2022-05-03T13:14:53 IST" skipped="0">
  <testcase classname="Testcases.Registration" name="Move_To_Home_Page" time="0.002"/>
  <system-out/>
</testsuite> <!-- Testcases.Registration -->
