<?xml version="1.0" encoding="UTF-8"?>
<!-- Generated by org.testng.reporters.JUnitReportReporter -->
<testsuite hostname="EMB-BAN-880" failures="0" tests="7" name="Testcases.Sample" time="68.920" errors="0" timestamp="2022-05-08T22:36:47 IST" skipped="0">
  <testcase classname="Testcases.Sample" name="loginTest" time="7.989"/>
  <system-out/>
  <testcase classname="Testcases.Sample" name="selectTheProductTest" time="7.637"/>
  <system-out/>
  <testcase classname="Testcases.Sample" name="moveToCheckoutTest" time="8.759"/>
  <system-out/>
  <testcase classname="Testcases.Sample" name="selectTheFreeDeliveryOptionsTest" time="5.944"/>
  <system-out/>
  <testcase classname="Testcases.Sample" name="selectTheKNETPaymentTest" time="10.811"/>
  <system-out/>
  <testcase classname="Testcases.Sample" name="KNETSuccessTest" time="24.980"/>
  <system-out/>
  <testcase classname="Testcases.Sample" name="VerifyTheOrderOnMyAccount" time="2.800"/>
  <system-out/>
</testsuite> <!-- Testcases.Sample -->
