<?xml version="1.0" encoding="UTF-8"?>
<!-- Generated by org.testng.reporters.JUnitReportReporter -->
<testsuite hostname="EMB-BAN-880" failures="0" tests="1" name="Testcases.SelecProductFromTheCategory" time="9.519" errors="0" timestamp="2022-05-03T22:16:16 IST" skipped="0">
  <testcase classname="Testcases.SelecProductFromTheCategory" name="selec_Product_From_The_Category" time="9.519"/>
  <system-out/>
</testsuite> <!-- Testcases.SelecProductFromTheCategory -->
