<?xml version="1.0" encoding="UTF-8"?>
<!-- Generated by org.testng.reporters.JUnitReportReporter -->
<testsuite hostname="EMB-BAN-880" failures="0" tests="7" name="Testcases.SimpleEndToEndTest" time="70.579" errors="0" timestamp="2022-05-08T22:49:29 IST" skipped="0">
  <testcase classname="Testcases.SimpleEndToEndTest" name="LoginTheCustomer" time="6.758"/>
  <system-out/>
  <testcase classname="Testcases.SimpleEndToEndTest" name="AddTheProductForCheckout" time="7.907"/>
  <system-out/>
  <testcase classname="Testcases.SimpleEndToEndTest" name="MovetoCheckoutAndConfirmTheShippingAndBillingAddress" time="8.925"/>
  <system-out/>
  <testcase classname="Testcases.SimpleEndToEndTest" name="SelectDeliveryOption" time="5.582"/>
  <system-out/>
  <testcase classname="Testcases.SimpleEndToEndTest" name="SelectKNET" time="10.387"/>
  <system-out/>
  <testcase classname="Testcases.SimpleEndToEndTest" name="EnterKNETCardDetailsAndSubmit" time="28.246"/>
  <system-out/>
  <testcase classname="Testcases.SimpleEndToEndTest" name="VerifyTheOrderOnMyAccount" time="2.774"/>
  <system-out/>
</testsuite> <!-- Testcases.SimpleEndToEndTest -->
